#
# A fatal error has been detected by the Java Runtime Environment:
#
#  EXCEPTION_ACCESS_VIOLATION (0xc0000005) at pc=0x00007ffc90b03004, pid=11556, tid=6732
#
# JRE version: OpenJDK Runtime Environment (24.0.1+9) (build 24.0.1+9-30)
# Java VM: OpenJDK 64-Bit Server VM (24.0.1+9-30, mixed mode, sharing, tiered, compressed oops, compressed class ptrs, g1 gc, windows-amd64)
# Problematic frame:
# C  [libasyncProfiler.dll+0x93004]
#
# No core dump will be written. Minidumps are not enabled by default on client versions of Windows
#
# JFR recording file will be written. Location: C:\Users\daw1.COMPU-S033\Desktop\Examen_DAW1_3Evaluaciion_PedroArza\Vet-Daw-Exam_PedroArza\hs_err_pid11556.jfr
#
# If you would like to submit a bug report, please visit:
#   https://bugreport.java.com/bugreport/crash.jsp
# The crash happened outside the Java Virtual Machine in native code.
# See problematic frame for where to report the bug.
#

---------------  S U M M A R Y ------------

Command Line: --enable-preview --enable-preview -javaagent:C:\Program Files\JetBrains\IntelliJ IDEA 2024.3.3\lib\idea_rt.jar=57494:C:\Program Files\JetBrains\IntelliJ IDEA 2024.3.3\bin -agentpath:C:\Users\daw1.COMPU-S033\AppData\Local\Temp\idea_libasyncProfiler_dll_temp_folder9\libasyncProfiler.dll=start,jfr,event=wall,interval=10ms,jfrsync=profile,cstack=no,file=C:\Users\daw1.COMPU-S033\IdeaSnapshots\HelloApplication_2025_05_28_122805.jfr,dbghelppath=C:\Users\daw1.COMPU-S033\AppData\Local\Temp\idea_dbghelp_dll_temp_folder\dbghelp.dll,log=C:\Users\daw1.COMPU-S033\AppData\Local\Temp\HelloApplication_2025_05_28_122805.jfr.log.txt,logLevel=DEBUG -Dfile.encoding=UTF-8 -Dsun.stdout.encoding=UTF-8 -Dsun.stderr.encoding=UTF-8 --module-path=C:\Users\daw1.COMPU-S033\.m2\repository\org\openjfx\javafx-controls\17.0.6\javafx-controls-17.0.6-win.jar;C:\Users\daw1.COMPU-S033\.m2\repository\org\openjfx\javafx-graphics\17.0.6\javafx-graphics-17.0.6-win.jar;C:\Users\daw1.COMPU-S033\.m2\repository\org\openjfx\javafx-base\17.0.6\javafx-base-17.0.6-win.jar;C:\Users\daw1.COMPU-S033\.m2\repository\org\openjfx\javafx-fxml\17.0.6\javafx-fxml-17.0.6-win.jar;C:\Users\daw1.COMPU-S033\Desktop\Examen_DAW1_3Evaluaciion_PedroArza\Vet-Daw-Exam_PedroArza\target\classes -Djdk.module.main=com.decroly.Examen_Daw1 com.decroly.Examen_Daw1/com.decroly.Examen_Daw1.HelloApplication C:/Users/daw1.COMPU-S033/.m2/repository$MODULE_DIR$

Host: 11th Gen Intel(R) Core(TM) i5-11400 @ 2.60GHz, 12 cores, 15G,  Windows 10 , 64 bit Build 19041 (10.0.19041.5794)
Time: Wed May 28 12:28:06 2025 Hora de verano romance elapsed time: 0.387497 seconds (0d 0h 0m 0s)

---------------  T H R E A D  ---------------

Current thread (0x00000266d65bd030):  JavaThread "main"             [_thread_in_native, id=6732, stack(0x000000bcd3400000,0x000000bcd3500000) (1024K)]

Stack: [0x000000bcd3400000,0x000000bcd3500000],  sp=0x000000bcd34fea30,  free space=1018k
Native frames: (J=compiled Java code, j=interpreted, Vv=VM code, C=native code)
C  [libasyncProfiler.dll+0x93004]  (no source info available)
C  [libasyncProfiler.dll+0x934db]  (no source info available)
C  [libasyncProfiler.dll+0x92134]  (no source info available)
C  [libasyncProfiler.dll+0x929aa]  (no source info available)
C  [libasyncProfiler.dll+0x8d561]  (no source info available)
C  [libasyncProfiler.dll+0x7ef21]  (no source info available)
C  [libasyncProfiler.dll+0x7dc38]  (no source info available)
C  [libasyncProfiler.dll+0x7db20]  (no source info available)
C  [libasyncProfiler.dll+0x83c3c]  (no source info available)
V  [jvm.dll+0x5e38de]  (no source info available)
V  [jvm.dll+0x886056]  (no source info available)
V  [jvm.dll+0x495f3e]  (no source info available)
V  [jvm.dll+0x497d11]  (no source info available)
C  [jli.dll+0x52a1]  (no source info available)
C  [ucrtbase.dll+0x21bb2]  (no source info available)
C  [KERNEL32.DLL+0x17374]  (no source info available)
C  [ntdll.dll+0x4cc91]  (no source info available)


siginfo: EXCEPTION_ACCESS_VIOLATION (0xc0000005), reading address 0xffffffffffffffff


Registers:
RAX=0x0000000000000010, RBX=0x0000000000000000, RCX=0xffffffffffffffff, RDX=0x007ffc5323300010
RSP=0x000000bcd34fea30, RBP=0x00000266c65d0d68, RSI=0x000000bcd34feba0, RDI=0x00000266c65d0d68
R8 =0x0000000000000042, R9 =0x0000000713a01ed8, R10=0x00007ffc534a9fb0, R11=0x0000000000000002
R12=0x000000bcd34feba0, R13=0x00000266d46c9b40, R14=0x00000266d65bd3f8, R15=0x00000266d65bd3f8
RIP=0x00007ffc90b03004, EFLAGS=0x0000000000010202

XMM[0]=0x0000000000000000 0x0000000000000000
XMM[1]=0x0000000000000000 0x0000000000000000
XMM[2]=0x0000000000000000 0x0000000000000000
XMM[3]=0x0000000000000000 0x0000000000000000
XMM[4]=0x0000000000000000 0x0000000000000000
XMM[5]=0x0000000000000000 0x0000000000000000
XMM[6]=0x0000000000000000 0x0000000000000000
XMM[7]=0x0000000000000000 0x0000000000000000
XMM[8]=0x0000000000000000 0x0000000000000000
XMM[9]=0x0000000000000000 0x0000000000000000
XMM[10]=0x0000000000000000 0x0000000000000000
XMM[11]=0x0000000000000000 0x0000000000000000
XMM[12]=0x0000000000000000 0x0000000000000000
XMM[13]=0x0000000000000000 0x0000000000000000
XMM[14]=0x0000000000000000 0x0000000000000000
XMM[15]=0x0000000000000000 0x0000000000000000
  MXCSR=0x00001fa0


Register to memory mapping:

RAX=0x0000000000000010 is an unknown value
RBX=0x0 is null
RCX=0xffffffffffffffff is an unknown value
RDX=0x007ffc5323300010 is an unknown value
RSP=0x000000bcd34fea30 is pointing into the stack for thread: 0x00000266d65bd030
RBP=0x00000266c65d0d68 points into unknown readable memory: 0x0000000713a01ed8 | d8 1e a0 13 07 00 00 00
RSI=0x000000bcd34feba0 is pointing into the stack for thread: 0x00000266d65bd030
RDI=0x00000266c65d0d68 points into unknown readable memory: 0x0000000713a01ed8 | d8 1e a0 13 07 00 00 00
R8 =0x0000000000000042 is an unknown value
R9 =0x0000000713a01ed8 is an oop: java.lang.Thread 
{0x0000000713a01ed8} - klass: 'java/lang/Thread' - flags: 

 - ---- fields (total size 14 words):
 - 'threadLocalRandomProbe' 'I' @12  0 (0x00000000)
 - private volatile 'eetop' 'J' @16  2640706261040 (0x00000266d65bd030)
 - private final 'tid' 'J' @24  3 (0x0000000000000003)
 - 'threadLocalRandomSeed' 'J' @32  0 (0x0000000000000000)
 - injected 'jvmti_thread_state' 'J' @40  2640349162576 (0x00000266c112ec50)
 - 'threadLocalRandomSecondarySeed' 'I' @48  0 (0x00000000)
 - injected 'jvmti_VTMS_transition_disable_count' 'I' @52  0 (0x00000000)
 - injected 'jfr_epoch' 'S' @56  0 (0x0000)
 - volatile 'interrupted' 'Z' @58  false (0x00)
 - injected 'jvmti_is_in_VTMS_transition' 'Z' @59  false (0x00)
 - private volatile 'name' 'Ljava/lang/String;' @60  "main"{0x0000000713a01f48} (0xe27403e9)
 - private volatile 'contextClassLoader' 'Ljava/lang/ClassLoader;' @64  a 'jdk/internal/loader/ClassLoaders$AppClassLoader'{0x0000000713a1baf8} (0xe274375f)
 - private final 'holder' 'Ljava/lang/Thread$FieldHolder;' @68  a 'java/lang/Thread$FieldHolder'{0x0000000713a01f88} (0xe27403f1)
 - 'threadLocals' 'Ljava/lang/ThreadLocal$ThreadLocalMap;' @72  a 'java/lang/ThreadLocal$ThreadLocalMap'{0x0000000713a7be40} (0xe274f7c8)
 - 'inheritableThreadLocals' 'Ljava/lang/ThreadLocal$ThreadLocalMap;' @76  null (0x00000000)
 - private 'scopedValueBindings' 'Ljava/lang/Object;' @80  a 'java/lang/Class'{0x00000007ffe7c258} = 'java/lang/Thread' (0xfffcf84b)
 - final 'interruptLock' 'Ljava/lang/Object;' @84  a 'java/lang/Object'{0x0000000713a01f78} (0xe27403ef)
 - private volatile 'parkBlocker' 'Ljava/lang/Object;' @88  null (0x00000000)
 - private 'nioBlocker' 'Lsun/nio/ch/Interruptible;' @92  null (0x00000000)
 - private 'cont' 'Ljdk/internal/vm/Continuation;' @96  null (0x00000000)
 - private volatile 'uncaughtExceptionHandler' 'Ljava/lang/Thread$UncaughtExceptionHandler;' @100  null (0x00000000)
 - private 'container' 'Ljdk/internal/vm/ThreadContainer;' @104  null (0x00000000)
 - private volatile 'headStackableScopes' 'Ljdk/internal/vm/StackableScope;' @108  null (0x00000000)
R10=0x00007ffc534a9fb0 jvm.dll
R11=0x0000000000000002 is an unknown value
R12=0x000000bcd34feba0 is pointing into the stack for thread: 0x00000266d65bd030
R13=0x00000266d46c9b40 points into unknown readable memory: 0x00007ffc5341a510 | 10 a5 41 53 fc 7f 00 00
R14=0x00000266d65bd3f8 points into unknown readable memory: 0x00007ffc534117b0 | b0 17 41 53 fc 7f 00 00
R15=0x00000266d65bd3f8 points into unknown readable memory: 0x00007ffc534117b0 | b0 17 41 53 fc 7f 00 00

Top of Stack: (sp=0x000000bcd34fea30)
0x000000bcd34fea30:   000000bcd34feba0 00000266c65d0d68   ..O.....h.].f...
0x000000bcd34fea40:   0000000000000000 00000266d6a28de0   ............f...
0x000000bcd34fea50:   000000000000001a 00007ffc90b034db   .........4......
0x000000bcd34fea60:   0000000000000000 00000266d65bd3f8   ..........[.f...
0x000000bcd34fea70:   000000bcd34feb01 0000000000000000   ..O.............
0x000000bcd34fea80:   00000266c7f68740 00007ffc90b02134   @...f...4!......
0x000000bcd34fea90:   0000000000000000 000000000000001a   ................
0x000000bcd34feaa0:   0000000000000000 000000000000001a   ................
0x000000bcd34feab0:   0000000900000000 00000266c7ca8400   ............f...
0x000000bcd34feac0:   00000266c7f68740 00000266c7f687a8   @...f.......f...
0x000000bcd34fead0:   00000266c7f687b0 000000bc00004038   ....f...8@......
0x000000bcd34feae0:   0000000000000000 0000000000000000   ................
0x000000bcd34feaf0:   0000000000000000 00007ffc52c757d4   .........W.R....
0x000000bcd34feb00:   00007ffc90c5ae00 0000000000002d24   ........$-......
0x000000bcd34feb10:   00007ffc90c5ae00 00000000ffffffff   ................
0x000000bcd34feb20:   0000000000000000 00007ffc90b029aa   .........)......
0x000000bcd34feb30:   00000266d65bd3f8 0000000000000000   ..[.f...........
0x000000bcd34feb40:   000000bcd34feba9 00000266d46c9b40   ..O.....@.l.f...
0x000000bcd34feb50:   00000266000021b4 0000000000000000   .!..f...........
0x000000bcd34feb60:   00000266d47a0000 00007ffc90c04118   ..z.f....A......
0x000000bcd34feb70:   00000266d65bd3f8 00007ffc90c5ae00   ..[.f...........
0x000000bcd34feb80:   0000000000100000 0000000000001000   ................
0x000000bcd34feb90:   000000bcd34fed38 00000266d65bd3f8   8.O.......[.f...
0x000000bcd34feba0:   00000266c632a2a0 00000266c632a5e0   ..2.f.....2.f...
0x000000bcd34febb0:   00000266c632a5e0 00007ffc90c5ae00   ..2.f...........
0x000000bcd34febc0:   000000bcd34fed38 00000266d45d0000   8.O.......].f...
0x000000bcd34febd0:   000000bcd34fee70 0000000000008840   p.O.....@.......
0x000000bcd34febe0:   00007ffc90c4d080 00007ffc90c5ae50   ........P.......
0x000000bcd34febf0:   0000000000989680 0000000000989680   ................
0x000000bcd34fec00:   000000bcd34fed10 00007ffc90afd561   ..O.....a.......
0x000000bcd34fec10:   00007ffc90c5ae00 00007ffc90c5ae58   ........X.......
0x000000bcd34fec20:   00007ffc00000000 0000026600000001   ............f...

Instructions: (pc=0x00007ffc90b03004)
  0x00007ffc90b02f04:   cc cc cc cc cc cc cc cc cc cc cc cc cc cc cc cc
  0x00007ffc90b02f14:   cc cc cc cc cc cc cc cc cc cc cc cc cc cc cc cc
  0x00007ffc90b02f24:   cc cc cc cc cc cc cc cc cc cc cc cc cc cc cc cc
  0x00007ffc90b02f34:   cc cc cc cc cc cc cc cc cc cc cc cc cc cc cc cc
  0x00007ffc90b02f44:   cc cc cc cc cc cc cc cc cc cc cc cc cc cc cc cc
  0x00007ffc90b02f54:   cc cc cc cc cc cc cc cc cc cc cc cc cc cc cc cc
  0x00007ffc90b02f64:   cc cc cc cc cc cc cc cc cc cc cc cc cc cc cc cc
  0x00007ffc90b02f74:   cc cc cc cc cc cc cc cc cc cc cc cc cc cc cc cc
  0x00007ffc90b02f84:   cc cc cc cc cc cc cc cc cc cc cc cc 40 57 48 83
  0x00007ffc90b02f94:   ec 20 48 8b f9 48 8b 0d 30 80 15 00 48 85 c9 74
  0x00007ffc90b02fa4:   20 48 8b 01 48 8d 54 24 38 41 b8 06 00 01 00 4c
  0x00007ffc90b02fb4:   8b 48 30 41 ff d1 85 c0 75 07 48 8b 4c 24 38 eb
  0x00007ffc90b02fc4:   02 33 c9 4c 8b 05 0a 81 15 00 48 89 5c 24 30 4d
  0x00007ffc90b02fd4:   85 c0 74 4a 48 8b 01 48 8b d7 4c 8b 88 28 03 00
  0x00007ffc90b02fe4:   00 41 ff d1 48 85 c0 74 35 48 63 0d b8 3d 15 00
  0x00007ffc90b02ff4:   48 8b 14 01 48 85 d2 74 15 48 63 05 bc 3d 15 00
=>0x00007ffc90b03004:   8b 04 10 48 8b 5c 24 30 48 83 c4 20 5f c3 b8 ff
  0x00007ffc90b03014:   ff ff ff 48 8b 5c 24 30 48 83 c4 20 5f c3 80 3d
  0x00007ffc90b03024:   bb 7f 15 00 00 bb ff ff ff ff 74 20 4c 8b 0d 51
  0x00007ffc90b03034:   7c 15 00 4c 8d 44 24 38 48 8b 0d 35 7c 15 00 48
  0x00007ffc90b03044:   8b d7 41 ff d1 85 c0 0f 44 5c 24 38 8b c3 48 8b
  0x00007ffc90b03054:   5c 24 30 48 83 c4 20 5f c3 cc cc cc cc cc cc cc
  0x00007ffc90b03064:   cc cc cc cc cc cc cc cc cc cc cc cc cc cc cc cc
  0x00007ffc90b03074:   cc cc cc cc cc cc cc cc cc cc cc cc cc cc cc cc
  0x00007ffc90b03084:   cc cc cc cc cc cc cc cc cc cc cc cc 48 89 54 24
  0x00007ffc90b03094:   10 53 55 56 57 41 56 41 57 48 83 ec 28 48 8b f2
  0x00007ffc90b030a4:   4c 8b f1 48 89 4c 24 78 45 33 ff 44 89 7c 24 68
  0x00007ffc90b030b4:   c7 44 24 60 01 00 00 00 48 8d 4c 24 68 e8 69 3c
  0x00007ffc90b030c4:   f7 ff 8b d8 48 8d 4c 24 60 e8 5d 3c f7 ff 8b e8
  0x00007ffc90b030d4:   49 8b ce e8 33 f3 f6 ff 48 8b f8 90 8b c3 f0 0f
  0x00007ffc90b030e4:   b1 2f 74 04 f3 90 eb f4 4c 89 3e 4c 89 7e 08 4c
  0x00007ffc90b030f4:   89 7e 10 49 8b 6e 08 4d 8b 76 10 49 3b ee 0f 84


Stack slot to memory mapping:

stack at sp + 0 slots: 0x000000bcd34feba0 is pointing into the stack for thread: 0x00000266d65bd030
stack at sp + 1 slots: 0x00000266c65d0d68 points into unknown readable memory: 0x0000000713a01ed8 | d8 1e a0 13 07 00 00 00
stack at sp + 2 slots: 0x0 is null
stack at sp + 3 slots: 0x00000266d6a28de0 points into unknown readable memory: 0x6e616c2e6176616a | 6a 61 76 61 2e 6c 61 6e
stack at sp + 4 slots: 0x000000000000001a is an unknown value
stack at sp + 5 slots: 0x00007ffc90b034db libasyncProfiler.dll
stack at sp + 6 slots: 0x0 is null
stack at sp + 7 slots: 0x00000266d65bd3f8 points into unknown readable memory: 0x00007ffc534117b0 | b0 17 41 53 fc 7f 00 00

Lock stack of current Java thread (top to bottom):


---------------  P R O C E S S  ---------------

Threads class SMR info:
_java_thread_list=0x00000266c6062470, length=15, elements={
0x00000266d65bd030, 0x00000266d6764880, 0x00000266d67651d0, 0x00000266d676c5c0,
0x00000266d676d0f0, 0x00000266d676e3c0, 0x00000266c10e3730, 0x00000266c10e7cd0,
0x00000266c10eac10, 0x00000266c11af1e0, 0x00000266c12997d0, 0x00000266c12968f0,
0x00000266c65f17b0, 0x00000266c17ed740, 0x00000266c7b50ef0
}

Java Threads: ( => current thread )
=>0x00000266d65bd030 JavaThread "main"                              [_thread_in_native, id=6732, stack(0x000000bcd3400000,0x000000bcd3500000) (1024K)]
  0x00000266d6764880 JavaThread "Reference Handler"          daemon [_thread_blocked, id=11180, stack(0x000000bcd3c00000,0x000000bcd3d00000) (1024K)]
  0x00000266d67651d0 JavaThread "Finalizer"                  daemon [_thread_blocked, id=11772, stack(0x000000bcd3d00000,0x000000bcd3e00000) (1024K)]
  0x00000266d676c5c0 JavaThread "Signal Dispatcher"          daemon [_thread_blocked, id=12644, stack(0x000000bcd3e00000,0x000000bcd3f00000) (1024K)]
  0x00000266d676d0f0 JavaThread "Attach Listener"            daemon [_thread_blocked, id=12652, stack(0x000000bcd3f00000,0x000000bcd4000000) (1024K)]
  0x00000266d676e3c0 JavaThread "Service Thread"             daemon [_thread_blocked, id=1916, stack(0x000000bcd4000000,0x000000bcd4100000) (1024K)]
  0x00000266c10e3730 JavaThread "Monitor Deflation Thread"   daemon [_thread_blocked, id=4168, stack(0x000000bcd4100000,0x000000bcd4200000) (1024K)]
  0x00000266c10e7cd0 JavaThread "C2 CompilerThread0"         daemon [_thread_blocked, id=15568, stack(0x000000bcd4200000,0x000000bcd4300000) (1024K)]
  0x00000266c10eac10 JavaThread "C1 CompilerThread0"         daemon [_thread_blocked, id=5948, stack(0x000000bcd4300000,0x000000bcd4400000) (1024K)]
  0x00000266c11af1e0 JavaThread "Common-Cleaner"             daemon [_thread_blocked, id=952, stack(0x000000bcd4400000,0x000000bcd4500000) (1024K)]
  0x00000266c12997d0 JavaThread "C2 CompilerThread1"         daemon [_thread_blocked, id=1288, stack(0x000000bcd4500000,0x000000bcd4600000) (1024K)]
  0x00000266c12968f0 JavaThread "C2 CompilerThread2"         daemon [_thread_blocked, id=9020, stack(0x000000bcd4600000,0x000000bcd4700000) (1024K)]
  0x00000266c65f17b0 JavaThread "Monitor Ctrl-Break"         daemon [_thread_in_native, id=16920, stack(0x000000bcd4700000,0x000000bcd4800000) (1024K)]
  0x00000266c17ed740 JavaThread "JFR Recorder Thread"        daemon [_thread_in_native, id=10548, stack(0x000000bcd4800000,0x000000bcd4900000) (1024K)]
  0x00000266c7b50ef0 JavaThread "JFR Periodic Tasks"         daemon [_thread_blocked, id=16440, stack(0x000000bcd4900000,0x000000bcd4a00000) (1024K)]
Total: 15

Other Threads:
  0x00000266d6752350 VMThread "VM Thread"                           [id=4532, stack(0x000000bcd3b00000,0x000000bcd3c00000) (1024K)]
  0x00000266c10db220 WatcherThread "VM Periodic Task Thread"        [id=9268, stack(0x000000bcd3a00000,0x000000bcd3b00000) (1024K)]
  0x00000266d6626040 WorkerThread "GC Thread#0"                     [id=13456, stack(0x000000bcd3500000,0x000000bcd3600000) (1024K)]
  0x00000266d663aaa0 ConcurrentGCThread "G1 Main Marker"            [id=10436, stack(0x000000bcd3600000,0x000000bcd3700000) (1024K)]
  0x00000266d663b4c0 WorkerThread "G1 Conc#0"                       [id=6388, stack(0x000000bcd3700000,0x000000bcd3800000) (1024K)]
  0x00000266d66de830 ConcurrentGCThread "G1 Refine#0"               [id=9204, stack(0x000000bcd3800000,0x000000bcd3900000) (1024K)]
  0x00000266d66df2c0 ConcurrentGCThread "G1 Service"                [id=7544, stack(0x000000bcd3900000,0x000000bcd3a00000) (1024K)]
Total: 7

Threads with active compile tasks:
Total: 0

VM state: not at safepoint (normal execution)

VM Mutex/Monitor currently owned by a thread: None

Heap address: 0x0000000704000000, size: 4032 MB, Compressed Oops mode: Zero based, Oop shift amount: 3

CDS archive(s) mapped at: [0x0000026680000000-0x0000026680d40000-0x0000026680d40000), size 13893632, SharedBaseAddress: 0x0000026680000000, ArchiveRelocationMode: 1.
Compressed class space mapped at: 0x0000026681000000-0x00000266c1000000, reserved size: 1073741824
UseCompressedClassPointers 1, UseCompactObjectHeaders 0
Narrow klass pointer bits 32, Max shift 3
Narrow klass base: 0x0000026680000000, Narrow klass shift: 0
Encoding Range: [0x0000026680000000 - 0x0000026780000000), (4294967296 bytes)
Klass Range:    [0x0000026680000000 - 0x00000266c1000000), (1090519040 bytes)
Klass ID Range:  [8 - 1090519033) (1090519025)

GC Precious Log:
 CardTable entry size: 512
 Card Set container configuration: InlinePtr #cards 4 size 8 Array Of Cards #cards 16 size 48 Howl #buckets 8 coarsen threshold 3686 Howl Bitmap #cards 512 size 80 coarsen threshold 460 Card regions per heap region 1 cards per card region 4096
 CPUs: 12 total, 12 available
 Memory: 16121M
 Large Page Support: Disabled
 NUMA Support: Disabled
 Compressed Oops: Enabled (Zero based)
 Heap Region Size: 2M
 Heap Min Capacity: 8M
 Heap Initial Capacity: 252M
 Heap Max Capacity: 4032M
 Pre-touch: Disabled
 Parallel Workers: 10
 Concurrent Workers: 3
 Concurrent Refinement Workers: 10
 Periodic GC: Disabled

Heap:
 garbage-first heap   total reserved 4128768K, committed 260096K, used 21616K [0x0000000704000000, 0x0000000800000000)
  region size 2048K, 12 young (24576K), 0 survivors (0K)
 Metaspace       used 3657K, committed 3840K, reserved 1114112K
  class space    used 325K, committed 384K, reserved 1048576K

Heap Regions: E=young(eden), S=young(survivor), O=old, HS=humongous(starts), HC=humongous(continues), CS=collection set, F=free, TAMS=top-at-mark-start, PB=parsable bottom
|   0|0x0000000704000000, 0x0000000704000000, 0x0000000704200000|  0%| F|  |TAMS 0x0000000704000000| PB 0x0000000704000000| Untracked |  0
|   1|0x0000000704200000, 0x0000000704200000, 0x0000000704400000|  0%| F|  |TAMS 0x0000000704200000| PB 0x0000000704200000| Untracked |  0
|   2|0x0000000704400000, 0x0000000704400000, 0x0000000704600000|  0%| F|  |TAMS 0x0000000704400000| PB 0x0000000704400000| Untracked |  0
|   3|0x0000000704600000, 0x0000000704600000, 0x0000000704800000|  0%| F|  |TAMS 0x0000000704600000| PB 0x0000000704600000| Untracked |  0
|   4|0x0000000704800000, 0x0000000704800000, 0x0000000704a00000|  0%| F|  |TAMS 0x0000000704800000| PB 0x0000000704800000| Untracked |  0
|   5|0x0000000704a00000, 0x0000000704a00000, 0x0000000704c00000|  0%| F|  |TAMS 0x0000000704a00000| PB 0x0000000704a00000| Untracked |  0
|   6|0x0000000704c00000, 0x0000000704c00000, 0x0000000704e00000|  0%| F|  |TAMS 0x0000000704c00000| PB 0x0000000704c00000| Untracked |  0
|   7|0x0000000704e00000, 0x0000000704e00000, 0x0000000705000000|  0%| F|  |TAMS 0x0000000704e00000| PB 0x0000000704e00000| Untracked |  0
|   8|0x0000000705000000, 0x0000000705000000, 0x0000000705200000|  0%| F|  |TAMS 0x0000000705000000| PB 0x0000000705000000| Untracked |  0
|   9|0x0000000705200000, 0x0000000705200000, 0x0000000705400000|  0%| F|  |TAMS 0x0000000705200000| PB 0x0000000705200000| Untracked |  0
|  10|0x0000000705400000, 0x0000000705400000, 0x0000000705600000|  0%| F|  |TAMS 0x0000000705400000| PB 0x0000000705400000| Untracked |  0
|  11|0x0000000705600000, 0x0000000705600000, 0x0000000705800000|  0%| F|  |TAMS 0x0000000705600000| PB 0x0000000705600000| Untracked |  0
|  12|0x0000000705800000, 0x0000000705800000, 0x0000000705a00000|  0%| F|  |TAMS 0x0000000705800000| PB 0x0000000705800000| Untracked |  0
|  13|0x0000000705a00000, 0x0000000705a00000, 0x0000000705c00000|  0%| F|  |TAMS 0x0000000705a00000| PB 0x0000000705a00000| Untracked |  0
|  14|0x0000000705c00000, 0x0000000705c00000, 0x0000000705e00000|  0%| F|  |TAMS 0x0000000705c00000| PB 0x0000000705c00000| Untracked |  0
|  15|0x0000000705e00000, 0x0000000705e00000, 0x0000000706000000|  0%| F|  |TAMS 0x0000000705e00000| PB 0x0000000705e00000| Untracked |  0
|  16|0x0000000706000000, 0x0000000706000000, 0x0000000706200000|  0%| F|  |TAMS 0x0000000706000000| PB 0x0000000706000000| Untracked |  0
|  17|0x0000000706200000, 0x0000000706200000, 0x0000000706400000|  0%| F|  |TAMS 0x0000000706200000| PB 0x0000000706200000| Untracked |  0
|  18|0x0000000706400000, 0x0000000706400000, 0x0000000706600000|  0%| F|  |TAMS 0x0000000706400000| PB 0x0000000706400000| Untracked |  0
|  19|0x0000000706600000, 0x0000000706600000, 0x0000000706800000|  0%| F|  |TAMS 0x0000000706600000| PB 0x0000000706600000| Untracked |  0
|  20|0x0000000706800000, 0x0000000706800000, 0x0000000706a00000|  0%| F|  |TAMS 0x0000000706800000| PB 0x0000000706800000| Untracked |  0
|  21|0x0000000706a00000, 0x0000000706a00000, 0x0000000706c00000|  0%| F|  |TAMS 0x0000000706a00000| PB 0x0000000706a00000| Untracked |  0
|  22|0x0000000706c00000, 0x0000000706c00000, 0x0000000706e00000|  0%| F|  |TAMS 0x0000000706c00000| PB 0x0000000706c00000| Untracked |  0
|  23|0x0000000706e00000, 0x0000000706e00000, 0x0000000707000000|  0%| F|  |TAMS 0x0000000706e00000| PB 0x0000000706e00000| Untracked |  0
|  24|0x0000000707000000, 0x0000000707000000, 0x0000000707200000|  0%| F|  |TAMS 0x0000000707000000| PB 0x0000000707000000| Untracked |  0
|  25|0x0000000707200000, 0x0000000707200000, 0x0000000707400000|  0%| F|  |TAMS 0x0000000707200000| PB 0x0000000707200000| Untracked |  0
|  26|0x0000000707400000, 0x0000000707400000, 0x0000000707600000|  0%| F|  |TAMS 0x0000000707400000| PB 0x0000000707400000| Untracked |  0
|  27|0x0000000707600000, 0x0000000707600000, 0x0000000707800000|  0%| F|  |TAMS 0x0000000707600000| PB 0x0000000707600000| Untracked |  0
|  28|0x0000000707800000, 0x0000000707800000, 0x0000000707a00000|  0%| F|  |TAMS 0x0000000707800000| PB 0x0000000707800000| Untracked |  0
|  29|0x0000000707a00000, 0x0000000707a00000, 0x0000000707c00000|  0%| F|  |TAMS 0x0000000707a00000| PB 0x0000000707a00000| Untracked |  0
|  30|0x0000000707c00000, 0x0000000707c00000, 0x0000000707e00000|  0%| F|  |TAMS 0x0000000707c00000| PB 0x0000000707c00000| Untracked |  0
|  31|0x0000000707e00000, 0x0000000707e00000, 0x0000000708000000|  0%| F|  |TAMS 0x0000000707e00000| PB 0x0000000707e00000| Untracked |  0
|  32|0x0000000708000000, 0x0000000708000000, 0x0000000708200000|  0%| F|  |TAMS 0x0000000708000000| PB 0x0000000708000000| Untracked |  0
|  33|0x0000000708200000, 0x0000000708200000, 0x0000000708400000|  0%| F|  |TAMS 0x0000000708200000| PB 0x0000000708200000| Untracked |  0
|  34|0x0000000708400000, 0x0000000708400000, 0x0000000708600000|  0%| F|  |TAMS 0x0000000708400000| PB 0x0000000708400000| Untracked |  0
|  35|0x0000000708600000, 0x0000000708600000, 0x0000000708800000|  0%| F|  |TAMS 0x0000000708600000| PB 0x0000000708600000| Untracked |  0
|  36|0x0000000708800000, 0x0000000708800000, 0x0000000708a00000|  0%| F|  |TAMS 0x0000000708800000| PB 0x0000000708800000| Untracked |  0
|  37|0x0000000708a00000, 0x0000000708a00000, 0x0000000708c00000|  0%| F|  |TAMS 0x0000000708a00000| PB 0x0000000708a00000| Untracked |  0
|  38|0x0000000708c00000, 0x0000000708c00000, 0x0000000708e00000|  0%| F|  |TAMS 0x0000000708c00000| PB 0x0000000708c00000| Untracked |  0
|  39|0x0000000708e00000, 0x0000000708e00000, 0x0000000709000000|  0%| F|  |TAMS 0x0000000708e00000| PB 0x0000000708e00000| Untracked |  0
|  40|0x0000000709000000, 0x0000000709000000, 0x0000000709200000|  0%| F|  |TAMS 0x0000000709000000| PB 0x0000000709000000| Untracked |  0
|  41|0x0000000709200000, 0x0000000709200000, 0x0000000709400000|  0%| F|  |TAMS 0x0000000709200000| PB 0x0000000709200000| Untracked |  0
|  42|0x0000000709400000, 0x0000000709400000, 0x0000000709600000|  0%| F|  |TAMS 0x0000000709400000| PB 0x0000000709400000| Untracked |  0
|  43|0x0000000709600000, 0x0000000709600000, 0x0000000709800000|  0%| F|  |TAMS 0x0000000709600000| PB 0x0000000709600000| Untracked |  0
|  44|0x0000000709800000, 0x0000000709800000, 0x0000000709a00000|  0%| F|  |TAMS 0x0000000709800000| PB 0x0000000709800000| Untracked |  0
|  45|0x0000000709a00000, 0x0000000709a00000, 0x0000000709c00000|  0%| F|  |TAMS 0x0000000709a00000| PB 0x0000000709a00000| Untracked |  0
|  46|0x0000000709c00000, 0x0000000709c00000, 0x0000000709e00000|  0%| F|  |TAMS 0x0000000709c00000| PB 0x0000000709c00000| Untracked |  0
|  47|0x0000000709e00000, 0x0000000709e00000, 0x000000070a000000|  0%| F|  |TAMS 0x0000000709e00000| PB 0x0000000709e00000| Untracked |  0
|  48|0x000000070a000000, 0x000000070a000000, 0x000000070a200000|  0%| F|  |TAMS 0x000000070a000000| PB 0x000000070a000000| Untracked |  0
|  49|0x000000070a200000, 0x000000070a200000, 0x000000070a400000|  0%| F|  |TAMS 0x000000070a200000| PB 0x000000070a200000| Untracked |  0
|  50|0x000000070a400000, 0x000000070a400000, 0x000000070a600000|  0%| F|  |TAMS 0x000000070a400000| PB 0x000000070a400000| Untracked |  0
|  51|0x000000070a600000, 0x000000070a600000, 0x000000070a800000|  0%| F|  |TAMS 0x000000070a600000| PB 0x000000070a600000| Untracked |  0
|  52|0x000000070a800000, 0x000000070a800000, 0x000000070aa00000|  0%| F|  |TAMS 0x000000070a800000| PB 0x000000070a800000| Untracked |  0
|  53|0x000000070aa00000, 0x000000070aa00000, 0x000000070ac00000|  0%| F|  |TAMS 0x000000070aa00000| PB 0x000000070aa00000| Untracked |  0
|  54|0x000000070ac00000, 0x000000070ac00000, 0x000000070ae00000|  0%| F|  |TAMS 0x000000070ac00000| PB 0x000000070ac00000| Untracked |  0
|  55|0x000000070ae00000, 0x000000070ae00000, 0x000000070b000000|  0%| F|  |TAMS 0x000000070ae00000| PB 0x000000070ae00000| Untracked |  0
|  56|0x000000070b000000, 0x000000070b000000, 0x000000070b200000|  0%| F|  |TAMS 0x000000070b000000| PB 0x000000070b000000| Untracked |  0
|  57|0x000000070b200000, 0x000000070b200000, 0x000000070b400000|  0%| F|  |TAMS 0x000000070b200000| PB 0x000000070b200000| Untracked |  0
|  58|0x000000070b400000, 0x000000070b400000, 0x000000070b600000|  0%| F|  |TAMS 0x000000070b400000| PB 0x000000070b400000| Untracked |  0
|  59|0x000000070b600000, 0x000000070b600000, 0x000000070b800000|  0%| F|  |TAMS 0x000000070b600000| PB 0x000000070b600000| Untracked |  0
|  60|0x000000070b800000, 0x000000070b800000, 0x000000070ba00000|  0%| F|  |TAMS 0x000000070b800000| PB 0x000000070b800000| Untracked |  0
|  61|0x000000070ba00000, 0x000000070ba00000, 0x000000070bc00000|  0%| F|  |TAMS 0x000000070ba00000| PB 0x000000070ba00000| Untracked |  0
|  62|0x000000070bc00000, 0x000000070bc00000, 0x000000070be00000|  0%| F|  |TAMS 0x000000070bc00000| PB 0x000000070bc00000| Untracked |  0
|  63|0x000000070be00000, 0x000000070be00000, 0x000000070c000000|  0%| F|  |TAMS 0x000000070be00000| PB 0x000000070be00000| Untracked |  0
|  64|0x000000070c000000, 0x000000070c000000, 0x000000070c200000|  0%| F|  |TAMS 0x000000070c000000| PB 0x000000070c000000| Untracked |  0
|  65|0x000000070c200000, 0x000000070c200000, 0x000000070c400000|  0%| F|  |TAMS 0x000000070c200000| PB 0x000000070c200000| Untracked |  0
|  66|0x000000070c400000, 0x000000070c400000, 0x000000070c600000|  0%| F|  |TAMS 0x000000070c400000| PB 0x000000070c400000| Untracked |  0
|  67|0x000000070c600000, 0x000000070c600000, 0x000000070c800000|  0%| F|  |TAMS 0x000000070c600000| PB 0x000000070c600000| Untracked |  0
|  68|0x000000070c800000, 0x000000070c800000, 0x000000070ca00000|  0%| F|  |TAMS 0x000000070c800000| PB 0x000000070c800000| Untracked |  0
|  69|0x000000070ca00000, 0x000000070ca00000, 0x000000070cc00000|  0%| F|  |TAMS 0x000000070ca00000| PB 0x000000070ca00000| Untracked |  0
|  70|0x000000070cc00000, 0x000000070cc00000, 0x000000070ce00000|  0%| F|  |TAMS 0x000000070cc00000| PB 0x000000070cc00000| Untracked |  0
|  71|0x000000070ce00000, 0x000000070ce00000, 0x000000070d000000|  0%| F|  |TAMS 0x000000070ce00000| PB 0x000000070ce00000| Untracked |  0
|  72|0x000000070d000000, 0x000000070d000000, 0x000000070d200000|  0%| F|  |TAMS 0x000000070d000000| PB 0x000000070d000000| Untracked |  0
|  73|0x000000070d200000, 0x000000070d200000, 0x000000070d400000|  0%| F|  |TAMS 0x000000070d200000| PB 0x000000070d200000| Untracked |  0
|  74|0x000000070d400000, 0x000000070d400000, 0x000000070d600000|  0%| F|  |TAMS 0x000000070d400000| PB 0x000000070d400000| Untracked |  0
|  75|0x000000070d600000, 0x000000070d600000, 0x000000070d800000|  0%| F|  |TAMS 0x000000070d600000| PB 0x000000070d600000| Untracked |  0
|  76|0x000000070d800000, 0x000000070d800000, 0x000000070da00000|  0%| F|  |TAMS 0x000000070d800000| PB 0x000000070d800000| Untracked |  0
|  77|0x000000070da00000, 0x000000070da00000, 0x000000070dc00000|  0%| F|  |TAMS 0x000000070da00000| PB 0x000000070da00000| Untracked |  0
|  78|0x000000070dc00000, 0x000000070dc00000, 0x000000070de00000|  0%| F|  |TAMS 0x000000070dc00000| PB 0x000000070dc00000| Untracked |  0
|  79|0x000000070de00000, 0x000000070de00000, 0x000000070e000000|  0%| F|  |TAMS 0x000000070de00000| PB 0x000000070de00000| Untracked |  0
|  80|0x000000070e000000, 0x000000070e000000, 0x000000070e200000|  0%| F|  |TAMS 0x000000070e000000| PB 0x000000070e000000| Untracked |  0
|  81|0x000000070e200000, 0x000000070e200000, 0x000000070e400000|  0%| F|  |TAMS 0x000000070e200000| PB 0x000000070e200000| Untracked |  0
|  82|0x000000070e400000, 0x000000070e400000, 0x000000070e600000|  0%| F|  |TAMS 0x000000070e400000| PB 0x000000070e400000| Untracked |  0
|  83|0x000000070e600000, 0x000000070e600000, 0x000000070e800000|  0%| F|  |TAMS 0x000000070e600000| PB 0x000000070e600000| Untracked |  0
|  84|0x000000070e800000, 0x000000070e800000, 0x000000070ea00000|  0%| F|  |TAMS 0x000000070e800000| PB 0x000000070e800000| Untracked |  0
|  85|0x000000070ea00000, 0x000000070ea00000, 0x000000070ec00000|  0%| F|  |TAMS 0x000000070ea00000| PB 0x000000070ea00000| Untracked |  0
|  86|0x000000070ec00000, 0x000000070ec00000, 0x000000070ee00000|  0%| F|  |TAMS 0x000000070ec00000| PB 0x000000070ec00000| Untracked |  0
|  87|0x000000070ee00000, 0x000000070ee00000, 0x000000070f000000|  0%| F|  |TAMS 0x000000070ee00000| PB 0x000000070ee00000| Untracked |  0
|  88|0x000000070f000000, 0x000000070f000000, 0x000000070f200000|  0%| F|  |TAMS 0x000000070f000000| PB 0x000000070f000000| Untracked |  0
|  89|0x000000070f200000, 0x000000070f200000, 0x000000070f400000|  0%| F|  |TAMS 0x000000070f200000| PB 0x000000070f200000| Untracked |  0
|  90|0x000000070f400000, 0x000000070f400000, 0x000000070f600000|  0%| F|  |TAMS 0x000000070f400000| PB 0x000000070f400000| Untracked |  0
|  91|0x000000070f600000, 0x000000070f600000, 0x000000070f800000|  0%| F|  |TAMS 0x000000070f600000| PB 0x000000070f600000| Untracked |  0
|  92|0x000000070f800000, 0x000000070f800000, 0x000000070fa00000|  0%| F|  |TAMS 0x000000070f800000| PB 0x000000070f800000| Untracked |  0
|  93|0x000000070fa00000, 0x000000070fa00000, 0x000000070fc00000|  0%| F|  |TAMS 0x000000070fa00000| PB 0x000000070fa00000| Untracked |  0
|  94|0x000000070fc00000, 0x000000070fc00000, 0x000000070fe00000|  0%| F|  |TAMS 0x000000070fc00000| PB 0x000000070fc00000| Untracked |  0
|  95|0x000000070fe00000, 0x000000070fe00000, 0x0000000710000000|  0%| F|  |TAMS 0x000000070fe00000| PB 0x000000070fe00000| Untracked |  0
|  96|0x0000000710000000, 0x0000000710000000, 0x0000000710200000|  0%| F|  |TAMS 0x0000000710000000| PB 0x0000000710000000| Untracked |  0
|  97|0x0000000710200000, 0x0000000710200000, 0x0000000710400000|  0%| F|  |TAMS 0x0000000710200000| PB 0x0000000710200000| Untracked |  0
|  98|0x0000000710400000, 0x0000000710400000, 0x0000000710600000|  0%| F|  |TAMS 0x0000000710400000| PB 0x0000000710400000| Untracked |  0
|  99|0x0000000710600000, 0x0000000710600000, 0x0000000710800000|  0%| F|  |TAMS 0x0000000710600000| PB 0x0000000710600000| Untracked |  0
| 100|0x0000000710800000, 0x0000000710800000, 0x0000000710a00000|  0%| F|  |TAMS 0x0000000710800000| PB 0x0000000710800000| Untracked |  0
| 101|0x0000000710a00000, 0x0000000710a00000, 0x0000000710c00000|  0%| F|  |TAMS 0x0000000710a00000| PB 0x0000000710a00000| Untracked |  0
| 102|0x0000000710c00000, 0x0000000710c00000, 0x0000000710e00000|  0%| F|  |TAMS 0x0000000710c00000| PB 0x0000000710c00000| Untracked |  0
| 103|0x0000000710e00000, 0x0000000710e00000, 0x0000000711000000|  0%| F|  |TAMS 0x0000000710e00000| PB 0x0000000710e00000| Untracked |  0
| 104|0x0000000711000000, 0x0000000711000000, 0x0000000711200000|  0%| F|  |TAMS 0x0000000711000000| PB 0x0000000711000000| Untracked |  0
| 105|0x0000000711200000, 0x0000000711200000, 0x0000000711400000|  0%| F|  |TAMS 0x0000000711200000| PB 0x0000000711200000| Untracked |  0
| 106|0x0000000711400000, 0x0000000711400000, 0x0000000711600000|  0%| F|  |TAMS 0x0000000711400000| PB 0x0000000711400000| Untracked |  0
| 107|0x0000000711600000, 0x0000000711600000, 0x0000000711800000|  0%| F|  |TAMS 0x0000000711600000| PB 0x0000000711600000| Untracked |  0
| 108|0x0000000711800000, 0x0000000711800000, 0x0000000711a00000|  0%| F|  |TAMS 0x0000000711800000| PB 0x0000000711800000| Untracked |  0
| 109|0x0000000711a00000, 0x0000000711a00000, 0x0000000711c00000|  0%| F|  |TAMS 0x0000000711a00000| PB 0x0000000711a00000| Untracked |  0
| 110|0x0000000711c00000, 0x0000000711c00000, 0x0000000711e00000|  0%| F|  |TAMS 0x0000000711c00000| PB 0x0000000711c00000| Untracked |  0
| 111|0x0000000711e00000, 0x0000000711e00000, 0x0000000712000000|  0%| F|  |TAMS 0x0000000711e00000| PB 0x0000000711e00000| Untracked |  0
| 112|0x0000000712000000, 0x0000000712000000, 0x0000000712200000|  0%| F|  |TAMS 0x0000000712000000| PB 0x0000000712000000| Untracked |  0
| 113|0x0000000712200000, 0x0000000712200000, 0x0000000712400000|  0%| F|  |TAMS 0x0000000712200000| PB 0x0000000712200000| Untracked |  0
| 114|0x0000000712400000, 0x00000007125eb898, 0x0000000712600000| 96%| E|  |TAMS 0x0000000712400000| PB 0x0000000712400000| Complete |  0
| 115|0x0000000712600000, 0x0000000712800000, 0x0000000712800000|100%| E|CS|TAMS 0x0000000712600000| PB 0x0000000712600000| Complete |  0
| 116|0x0000000712800000, 0x0000000712a00000, 0x0000000712a00000|100%| E|CS|TAMS 0x0000000712800000| PB 0x0000000712800000| Complete |  0
| 117|0x0000000712a00000, 0x0000000712c00000, 0x0000000712c00000|100%| E|CS|TAMS 0x0000000712a00000| PB 0x0000000712a00000| Complete |  0
| 118|0x0000000712c00000, 0x0000000712e00000, 0x0000000712e00000|100%| E|CS|TAMS 0x0000000712c00000| PB 0x0000000712c00000| Complete |  0
| 119|0x0000000712e00000, 0x0000000713000000, 0x0000000713000000|100%| E|CS|TAMS 0x0000000712e00000| PB 0x0000000712e00000| Complete |  0
| 120|0x0000000713000000, 0x0000000713200000, 0x0000000713200000|100%| E|CS|TAMS 0x0000000713000000| PB 0x0000000713000000| Complete |  0
| 121|0x0000000713200000, 0x0000000713400000, 0x0000000713400000|100%| E|  |TAMS 0x0000000713200000| PB 0x0000000713200000| Complete |  0
| 122|0x0000000713400000, 0x0000000713600000, 0x0000000713600000|100%| E|CS|TAMS 0x0000000713400000| PB 0x0000000713400000| Complete |  0
| 123|0x0000000713600000, 0x0000000713800000, 0x0000000713800000|100%| E|CS|TAMS 0x0000000713600000| PB 0x0000000713600000| Complete |  0
| 124|0x0000000713800000, 0x0000000713a00000, 0x0000000713a00000|100%| E|CS|TAMS 0x0000000713800000| PB 0x0000000713800000| Complete |  0
| 125|0x0000000713a00000, 0x0000000713c00000, 0x0000000713c00000|100%| E|CS|TAMS 0x0000000713a00000| PB 0x0000000713a00000| Complete |  0
|2015|0x00000007ffe00000, 0x00000007fff1c288, 0x0000000800000000| 55%| O|  |TAMS 0x00000007ffe00000| PB 0x00000007ffe00000| Untracked |  0

Card table byte_map: [0x00000266efd50000,0x00000266f0530000] _byte_map_base: 0x00000266ec530000

Marking Bits: (CMBitMap*) 0x00000266d6626660
 Bits: [0x00000266f0530000, 0x00000266f4430000)

Polling page: 0x00000266d48b0000

Metaspace:

Usage:
  Non-class:      3.25 MB used.
      Class:    325.26 KB used.
       Both:      3.57 MB used.

Virtual space:
  Non-class space:       64.00 MB reserved,       3.38 MB (  5%) committed,  1 nodes.
      Class space:        1.00 GB reserved,     384.00 KB ( <1%) committed,  1 nodes.
             Both:        1.06 GB reserved,       3.75 MB ( <1%) committed. 

Chunk freelists:
   Non-Class:  11.92 MB
       Class:  15.59 MB
        Both:  27.50 MB

MaxMetaspaceSize: unlimited
CompressedClassSpaceSize: 1.00 GB
Initial GC threshold: 21.00 MB
Current GC threshold: 21.00 MB
CDS: on
 - commit_granule_bytes: 65536.
 - commit_granule_words: 8192.
 - virtual_space_node_default_size: 8388608.
 - enlarge_chunks_in_place: 1.
UseCompressedClassPointers 1, UseCompactObjectHeaders 0
Narrow klass pointer bits 32, Max shift 3
Narrow klass base: 0x0000026680000000, Narrow klass shift: 0
Encoding Range: [0x0000026680000000 - 0x0000026780000000), (4294967296 bytes)
Klass Range:    [0x0000026680000000 - 0x00000266c1000000), (1090519040 bytes)
Klass ID Range:  [8 - 1090519033) (1090519025)


Internal statistics:

num_allocs_failed_limit: 0.
num_arena_births: 74.
num_arena_deaths: 0.
num_vsnodes_births: 2.
num_vsnodes_deaths: 0.
num_space_committed: 60.
num_space_uncommitted: 0.
num_chunks_returned_to_freelist: 0.
num_chunks_taken_from_freelist: 78.
num_chunk_merges: 0.
num_chunk_splits: 55.
num_chunks_enlarged: 36.
num_inconsistent_stats: 0.

CodeHeap 'non-profiled nmethods': size=120064Kb used=492Kb max_used=492Kb free=119571Kb
 bounds [0x00000266e7590000, 0x00000266e7800000, 0x00000266eead0000]
CodeHeap 'profiled nmethods': size=120000Kb used=1805Kb max_used=1805Kb free=118194Kb
 bounds [0x00000266dfad0000, 0x00000266dfd40000, 0x00000266e7000000]
CodeHeap 'non-nmethods': size=5696Kb used=1391Kb max_used=1534Kb free=4304Kb
 bounds [0x00000266e7000000, 0x00000266e7270000, 0x00000266e7590000]
CodeCache: size=245760Kb, used=3688Kb, max_used=3831Kb, free=242069Kb
 total_blobs=1862, nmethods=1408, adapters=360, full_count=0
Compilation: enabled, stopped_count=0, restarted_count=0

Compilation events (20 events):
Event: 0.370 Thread 0x00000266c10eac10 nmethod 1402 0x00000266e7606208 code [0x00000266e7606300, 0x00000266e76063c8]
Event: 0.370 Thread 0x00000266c10eac10 1405       3       java.lang.StringLatin1::getChar (9 bytes)
Event: 0.371 Thread 0x00000266c10eac10 nmethod 1405 0x00000266dfc90d88 code [0x00000266dfc90ea0, 0x00000266dfc90fc0]
Event: 0.371 Thread 0x00000266c10eac10 1406   !   3       jdk.jfr.internal.Control::setValue (102 bytes)
Event: 0.371 Thread 0x00000266c12968f0 nmethod 1378 0x00000266e7606508 code [0x00000266e7606660, 0x00000266e7606c70]
Event: 0.371 Thread 0x00000266c12968f0 1404       4       jdk.internal.util.ArraysSupport::mismatch (103 bytes)
Event: 0.371 Thread 0x00000266c10eac10 nmethod 1406 0x00000266dfc91088 code [0x00000266dfc91320, 0x00000266dfc927a0]
Event: 0.372 Thread 0x00000266c10eac10 1407       1       jdk.jfr.internal.periodic.EventTask::getEventType (5 bytes)
Event: 0.372 Thread 0x00000266c10eac10 nmethod 1407 0x00000266e7606d08 code [0x00000266e7606e00, 0x00000266e7606ec8]
Event: 0.372 Thread 0x00000266c10eac10 1408       1       jdk.jfr.internal.periodic.PeriodicTask::getPeriod (5 bytes)
Event: 0.372 Thread 0x00000266c10eac10 nmethod 1408 0x00000266e7607008 code [0x00000266e7607100, 0x00000266e76071c8]
Event: 0.372 Thread 0x00000266c10eac10 1409       3       java.util.Comparator$$Lambda/0x0000026681079078::compare (10 bytes)
Event: 0.372 Thread 0x00000266c10eac10 nmethod 1409 0x00000266dfc92888 code [0x00000266dfc929e0, 0x00000266dfc92e70]
Event: 0.372 Thread 0x00000266c10eac10 1410       3       java.util.Comparator::lambda$comparingLong$6043328a$1 (18 bytes)
Event: 0.372 Thread 0x00000266c10eac10 nmethod 1410 0x00000266dfc92f08 code [0x00000266dfc93060, 0x00000266dfc93458]
Event: 0.372 Thread 0x00000266c12968f0 nmethod 1404 0x00000266e7607308 code [0x00000266e7607420, 0x00000266e7607718]
Event: 0.373 Thread 0x00000266c12968f0 1403       4       java.lang.String::startsWith (123 bytes)
Event: 0.374 Thread 0x00000266c12997d0 nmethod 1389 0x00000266e7607788 code [0x00000266e76078a0, 0x00000266e7607e18]
Event: 0.376 Thread 0x00000266c12968f0 nmethod 1403 0x00000266e7607e88 code [0x00000266e7607fa0, 0x00000266e7608428]
Event: 0.378 Thread 0x00000266c10e7cd0 nmethod 1359 0x00000266e7608488 code [0x00000266e76087c0, 0x00000266e760af40]

GC Heap History (0 events):
No events

Dll operation events (9 events):
Event: 0.012 Loaded shared library C:\Users\daw1.COMPU-S033\.jdks\openjdk-24.0.1\bin\java.dll
Event: 0.035 Loaded shared library C:\Users\daw1.COMPU-S033\.jdks\openjdk-24.0.1\bin\jsvml.dll
Event: 0.054 Loaded shared library C:\Users\daw1.COMPU-S033\.jdks\openjdk-24.0.1\bin\net.dll
Event: 0.056 Loaded shared library C:\Users\daw1.COMPU-S033\.jdks\openjdk-24.0.1\bin\nio.dll
Event: 0.062 Loaded shared library C:\Users\daw1.COMPU-S033\.jdks\openjdk-24.0.1\bin\zip.dll
Event: 0.138 Loaded shared library C:\Users\daw1.COMPU-S033\.jdks\openjdk-24.0.1\bin\zip.dll
Event: 0.140 Loaded shared library C:\Users\daw1.COMPU-S033\.jdks\openjdk-24.0.1\bin\instrument.dll
Event: 0.160 Loaded shared library C:\Program Files\JetBrains\IntelliJ IDEA 2024.3.3\bin\breakgen64.dll
Event: 0.210 Loaded shared library C:\Users\daw1.COMPU-S033\.jdks\openjdk-24.0.1\bin\jimage.dll

Deoptimization events (20 events):
Event: 0.336 Thread 0x00000266d65bd030 Uncommon trap: trap_request=0xffffffd6 fr.pc=0x00000266e75f60b0 relative=0x00000000000006d0
Event: 0.336 Thread 0x00000266d65bd030 Uncommon trap: reason=array_check action=maybe_recompile pc=0x00000266e75f60b0 method=jdk.internal.classfile.impl.SplitConstantPool.internalAdd(Ljava/lang/classfile/constantpool/PoolEntry;I)Ljava/lang/classfile/constantpool/PoolEntry; @ 46 c2
Event: 0.336 Thread 0x00000266d65bd030 DEOPT PACKING pc=0x00000266e75f60b0 sp=0x000000bcd34fc640
Event: 0.336 Thread 0x00000266d65bd030 DEOPT UNPACKING pc=0x00000266e7126d02 sp=0x000000bcd34fc5f0 mode 2
Event: 0.336 Thread 0x00000266d65bd030 Uncommon trap: trap_request=0xffffffd6 fr.pc=0x00000266e75f60b0 relative=0x00000000000006d0
Event: 0.336 Thread 0x00000266d65bd030 Uncommon trap: reason=array_check action=maybe_recompile pc=0x00000266e75f60b0 method=jdk.internal.classfile.impl.SplitConstantPool.internalAdd(Ljava/lang/classfile/constantpool/PoolEntry;I)Ljava/lang/classfile/constantpool/PoolEntry; @ 46 c2
Event: 0.336 Thread 0x00000266d65bd030 DEOPT PACKING pc=0x00000266e75f60b0 sp=0x000000bcd34fc640
Event: 0.336 Thread 0x00000266d65bd030 DEOPT UNPACKING pc=0x00000266e7126d02 sp=0x000000bcd34fc5f0 mode 2
Event: 0.345 Thread 0x00000266d65bd030 Uncommon trap: trap_request=0xffffff4d fr.pc=0x00000266e759fce0 relative=0x0000000000000140
Event: 0.345 Thread 0x00000266d65bd030 Uncommon trap: reason=unstable_if action=reinterpret pc=0x00000266e759fce0 method=java.lang.StringLatin1.lastIndexOf([BI[BII)I @ 86 c2
Event: 0.345 Thread 0x00000266d65bd030 DEOPT PACKING pc=0x00000266e759fce0 sp=0x000000bcd34fe420
Event: 0.345 Thread 0x00000266d65bd030 DEOPT UNPACKING pc=0x00000266e7126d02 sp=0x000000bcd34fe388 mode 2
Event: 0.361 Thread 0x00000266d65bd030 Uncommon trap: trap_request=0xffffff4d fr.pc=0x00000266e7600120 relative=0x0000000000000400
Event: 0.361 Thread 0x00000266d65bd030 Uncommon trap: reason=unstable_if action=reinterpret pc=0x00000266e7600120 method=java.io.ByteArrayOutputStream.ensureCapacity(I)V @ 11 c2
Event: 0.361 Thread 0x00000266d65bd030 DEOPT PACKING pc=0x00000266e7600120 sp=0x000000bcd34fe130
Event: 0.361 Thread 0x00000266d65bd030 DEOPT UNPACKING pc=0x00000266e7126d02 sp=0x000000bcd34fe020 mode 2
Event: 0.364 Thread 0x00000266d65bd030 Uncommon trap: trap_request=0xffffff4d fr.pc=0x00000266e75ffb40 relative=0x0000000000000220
Event: 0.364 Thread 0x00000266d65bd030 Uncommon trap: reason=unstable_if action=reinterpret pc=0x00000266e75ffb40 method=java.io.ByteArrayOutputStream.ensureCapacity(I)V @ 11 c2
Event: 0.364 Thread 0x00000266d65bd030 DEOPT PACKING pc=0x00000266e75ffb40 sp=0x000000bcd34fe000
Event: 0.364 Thread 0x00000266d65bd030 DEOPT UNPACKING pc=0x00000266e7126d02 sp=0x000000bcd34fdf48 mode 2

Classes loaded (20 events):
Event: 0.352 Loading class jdk/jfr/internal/MetadataWriter
Event: 0.352 Loading class jdk/jfr/internal/MetadataWriter done
Event: 0.352 Loading class jdk/jfr/internal/MetadataDescriptor$Element
Event: 0.352 Loading class jdk/jfr/internal/MetadataDescriptor$Element done
Event: 0.352 Loading class jdk/jfr/internal/MetadataDescriptor$Attribute
Event: 0.352 Loading class jdk/jfr/internal/MetadataDescriptor$Attribute done
Event: 0.358 Loading class jdk/jfr/internal/consumer/StringParser$Encoding
Event: 0.358 Loading class jdk/jfr/internal/consumer/StringParser$Encoding done
Event: 0.367 Loading class jdk/jfr/internal/consumer/RepositoryFiles
Event: 0.367 Loading class jdk/jfr/internal/consumer/RepositoryFiles done
Event: 0.369 Loading class jdk/jfr/internal/SettingsManager$InternalSetting
Event: 0.369 Loading class jdk/jfr/internal/SettingsManager$InternalSetting done
Event: 0.369 Loading class jdk/jfr/internal/util/Rate
Event: 0.370 Loading class jdk/jfr/internal/util/Rate done
Event: 0.370 Loading class jdk/jfr/internal/util/TimespanUnit
Event: 0.370 Loading class jdk/jfr/internal/util/TimespanUnit done
Event: 0.370 Loading class jdk/jfr/internal/util/ValueParser
Event: 0.370 Loading class jdk/jfr/internal/util/ValueParser done
Event: 0.371 Loading class jdk/jfr/internal/periodic/PeriodicType
Event: 0.371 Loading class jdk/jfr/internal/periodic/PeriodicType done

Classes unloaded (0 events):
No events

Classes redefined (0 events):
No events

Internal exceptions (20 events):
Event: 0.166 Thread 0x00000266c65f17b0 Exception <a 'java/lang/ClassNotFoundException'{0x00000007132fcff0}: jdk/net/ExtendedSocketOptions> (0x00000007132fcff0) 
thrown [s\open\src\hotspot\share\classfile\systemDictionary.cpp, line 327]
Event: 0.166 Thread 0x00000266c65f17b0 Exception <a 'java/lang/NoSuchMethodError'{0x00000007132fea78}: 'void java.lang.invoke.DirectMethodHandle$Holder.invokeStatic(java.lang.Object, java.lang.Object)'> (0x00000007132fea78) 
thrown [s\open\src\hotspot\share\interpreter\linkResolver.cpp, line 805]
Event: 0.213 Thread 0x00000266d65bd030 Exception <a 'sun/nio/fs/WindowsException'{0x00000007130fdcd8}> (0x00000007130fdcd8) 
thrown [s\open\src\hotspot\share\prims\jni.cpp, line 518]
Event: 0.217 Thread 0x00000266d65bd030 Exception <a 'java/lang/NoSuchMethodError'{0x00000007131820f8}: 'java.lang.Object java.lang.invoke.DirectMethodHandle$Holder.invokeStatic(java.lang.Object, int, java.lang.Object)'> (0x00000007131820f8) 
thrown [s\open\src\hotspot\share\interpreter\linkResolver.cpp, line 805]
Event: 0.220 Thread 0x00000266d65bd030 Implicit null exception at 0x00000266e75bb81b to 0x00000266e75bc3e4
Event: 0.220 Thread 0x00000266d65bd030 Implicit null exception at 0x00000266e75b241d to 0x00000266e75b249d
Event: 0.229 Thread 0x00000266d65bd030 Exception <a 'java/lang/NoSuchMethodError'{0x00000007131d9210}: 'void java.lang.invoke.DirectMethodHandle$Holder.invokeStaticInit(java.lang.Object)'> (0x00000007131d9210) 
thrown [s\open\src\hotspot\share\interpreter\linkResolver.cpp, line 805]
Event: 0.238 Thread 0x00000266d65bd030 Exception <a 'java/lang/NoSuchMethodError'{0x0000000712e4d210}: 'void java.lang.invoke.DirectMethodHandle$Holder.invokeSpecial(java.lang.Object, java.lang.Object, java.lang.Object)'> (0x0000000712e4d210) 
thrown [s\open\src\hotspot\share\interpreter\linkResolver.cpp, line 805]
Event: 0.246 Thread 0x00000266d65bd030 Exception <a 'java/lang/NoSuchMethodError'{0x0000000712eb47a8}: 'java.lang.Object java.lang.invoke.DirectMethodHandle$Holder.newInvokeSpecial(java.lang.Object, java.lang.Object, java.lang.Object, java.lang.Object, java.lang.Object)'> (0x0000000712eb47a8) 
thrown [s\open\src\hotspot\share\interpreter\linkResolver.cpp, line 805]
Event: 0.272 Thread 0x00000266d65bd030 Exception <a 'java/lang/NoSuchMethodError'{0x0000000712c4bbe0}: 'long java.lang.invoke.DirectMethodHandle$Holder.invokeVirtual(java.lang.Object, java.lang.Object)'> (0x0000000712c4bbe0) 
thrown [s\open\src\hotspot\share\interpreter\linkResolver.cpp, line 805]
Event: 0.273 Thread 0x00000266d65bd030 Exception <a 'java/lang/NoSuchMethodError'{0x0000000712c5b5e8}: 'int java.lang.invoke.DirectMethodHandle$Holder.invokeStatic(java.lang.Object, java.lang.Object, java.lang.Object, java.lang.Object)'> (0x0000000712c5b5e8) 
thrown [s\open\src\hotspot\share\interpreter\linkResolver.cpp, line 805]
Event: 0.307 Thread 0x00000266d65bd030 Exception <a 'java/lang/NoSuchMethodError'{0x0000000712aa0cc0}: 'int java.lang.invoke.DirectMethodHandle$Holder.invokeSpecial(java.lang.Object, java.lang.Object, java.lang.Object)'> (0x0000000712aa0cc0) 
thrown [s\open\src\hotspot\share\interpreter\linkResolver.cpp, line 805]
Event: 0.341 Thread 0x00000266d65bd030 Exception <a 'java/lang/NoSuchMethodError'{0x00000007128676e0}: 'void java.lang.invoke.DirectMethodHandle$Holder.invokeSpecial(java.lang.Object, java.lang.Object, int)'> (0x00000007128676e0) 
thrown [s\open\src\hotspot\share\interpreter\linkResolver.cpp, line 805]
Event: 0.341 Thread 0x00000266d65bd030 Exception <a 'java/lang/NoSuchMethodError'{0x000000071286f300}: 'void java.lang.invoke.Invokers$Holder.invokeExact_MT(java.lang.Object, int, java.lang.Object)'> (0x000000071286f300) 
thrown [s\open\src\hotspot\share\interpreter\linkResolver.cpp, line 805]
Event: 0.342 Thread 0x00000266d65bd030 Exception <a 'java/lang/NoSuchMethodError'{0x0000000712889bb0}: 'void java.lang.invoke.DirectMethodHandle$Holder.invokeStatic(java.lang.Object, java.lang.Object, int)'> (0x0000000712889bb0) 
thrown [s\open\src\hotspot\share\interpreter\linkResolver.cpp, line 805]
Event: 0.342 Thread 0x00000266d65bd030 Exception <a 'java/lang/NoSuchMethodError'{0x0000000712898ca0}: 'java.lang.Object java.lang.invoke.DirectMethodHandle$Holder.newInvokeSpecial(java.lang.Object, java.lang.Object, int)'> (0x0000000712898ca0) 
thrown [s\open\src\hotspot\share\interpreter\linkResolver.cpp, line 805]
Event: 0.343 Thread 0x00000266c7b50ef0 Exception <a 'java/lang/NoSuchMethodError'{0x00000007128f6f98}: 'long java.lang.invoke.DirectMethodHandle$Holder.invokeSpecial(java.lang.Object, java.lang.Object)'> (0x00000007128f6f98) 
thrown [s\open\src\hotspot\share\interpreter\linkResolver.cpp, line 805]
Event: 0.346 Thread 0x00000266d65bd030 Exception <a 'sun/nio/fs/WindowsException'{0x00000007128cdb78}> (0x00000007128cdb78) 
thrown [s\open\src\hotspot\share\prims\jni.cpp, line 518]
Event: 0.347 Thread 0x00000266d65bd030 Exception <a 'sun/nio/fs/WindowsException'{0x00000007128dabd0}> (0x00000007128dabd0) 
thrown [s\open\src\hotspot\share\prims\jni.cpp, line 518]
Event: 0.350 Thread 0x00000266d65bd030 Exception <a 'sun/nio/fs/WindowsException'{0x00000007128ecf10}> (0x00000007128ecf10) 
thrown [s\open\src\hotspot\share\prims\jni.cpp, line 518]

VM Operations (12 events):
Event: 0.128 Executing VM operation: HandshakeAllThreads (Deoptimize)
Event: 0.128 Executing VM operation: HandshakeAllThreads (Deoptimize) done
Event: 0.129 Executing VM operation: HandshakeAllThreads (Deoptimize)
Event: 0.129 Executing VM operation: HandshakeAllThreads (Deoptimize) done
Event: 0.129 Executing VM operation: HandshakeAllThreads (Deoptimize)
Event: 0.129 Executing VM operation: HandshakeAllThreads (Deoptimize) done
Event: 0.344 Executing VM operation: HandshakeAllThreads (Deoptimize)
Event: 0.344 Executing VM operation: HandshakeAllThreads (Deoptimize) done
Event: 0.345 Executing VM operation: HandshakeAllThreads (Deoptimize)
Event: 0.345 Executing VM operation: HandshakeAllThreads (Deoptimize) done
Event: 0.368 Executing VM operation: JFRSafepointClear
Event: 0.368 Executing VM operation: JFRSafepointClear done

Memory protections (0 events):
No events

Nmethod flushes (0 events):
No events

Events (15 events):
Event: 0.025 Thread 0x00000266d65bd030 Thread added: 0x00000266d65bd030
Event: 0.032 Thread 0x00000266d65bd030 Thread added: 0x00000266d6764880
Event: 0.032 Thread 0x00000266d65bd030 Thread added: 0x00000266d67651d0
Event: 0.033 Thread 0x00000266d65bd030 Thread added: 0x00000266d676c5c0
Event: 0.033 Thread 0x00000266d65bd030 Thread added: 0x00000266d676d0f0
Event: 0.033 Thread 0x00000266d65bd030 Thread added: 0x00000266d676e3c0
Event: 0.033 Thread 0x00000266d65bd030 Thread added: 0x00000266c10e3730
Event: 0.033 Thread 0x00000266d65bd030 Thread added: 0x00000266c10e7cd0
Event: 0.033 Thread 0x00000266d65bd030 Thread added: 0x00000266c10eac10
Event: 0.053 Thread 0x00000266d65bd030 Thread added: 0x00000266c11af1e0
Event: 0.078 Thread 0x00000266c10e7cd0 Thread added: 0x00000266c12997d0
Event: 0.090 Thread 0x00000266c10eac10 Thread added: 0x00000266c12968f0
Event: 0.160 Thread 0x00000266d65bd030 Thread added: 0x00000266c65f17b0
Event: 0.227 Thread 0x00000266d65bd030 Thread added: 0x00000266c17ed740
Event: 0.343 Thread 0x00000266d65bd030 Thread added: 0x00000266c7b50ef0


Dynamic libraries:
0x00007ff70a870000 - 0x00007ff70a87e000 	C:\Users\daw1.COMPU-S033\.jdks\openjdk-24.0.1\bin\java.exe
0x00007ffcb9610000 - 0x00007ffcb9808000 	C:\Windows\SYSTEM32\ntdll.dll
0x00007ffcb80c0000 - 0x00007ffcb8182000 	C:\Windows\System32\KERNEL32.DLL
0x00007ffcb70b0000 - 0x00007ffcb73a6000 	C:\Windows\System32\KERNELBASE.dll
0x00007ffcb6f00000 - 0x00007ffcb7000000 	C:\Windows\System32\ucrtbase.dll
0x00007ffca2e90000 - 0x00007ffca2ea6000 	C:\Users\daw1.COMPU-S033\.jdks\openjdk-24.0.1\bin\jli.dll
0x00007ffca2d40000 - 0x00007ffca2d5b000 	C:\Users\daw1.COMPU-S033\.jdks\openjdk-24.0.1\bin\VCRUNTIME140.dll
0x00007ffcb93a0000 - 0x00007ffcb953d000 	C:\Windows\System32\USER32.dll
0x00007ffcb74d0000 - 0x00007ffcb74f2000 	C:\Windows\System32\win32u.dll
0x00007ffcb7c50000 - 0x00007ffcb7c7b000 	C:\Windows\System32\GDI32.dll
0x00007ffc9e7c0000 - 0x00007ffc9ea5a000 	C:\Windows\WinSxS\amd64_microsoft.windows.common-controls_6595b64144ccf1df_6.0.19041.5794_none_60bcd33171f2783c\COMCTL32.dll
0x00007ffcb73b0000 - 0x00007ffcb74ca000 	C:\Windows\System32\gdi32full.dll
0x00007ffcb6cb0000 - 0x00007ffcb6d4d000 	C:\Windows\System32\msvcp_win.dll
0x00007ffcb8c50000 - 0x00007ffcb8cee000 	C:\Windows\System32\msvcrt.dll
0x00007ffcb7640000 - 0x00007ffcb766f000 	C:\Windows\System32\IMM32.DLL
0x00007ffca2a90000 - 0x00007ffca2a9c000 	C:\Users\daw1.COMPU-S033\.jdks\openjdk-24.0.1\bin\vcruntime140_1.dll
0x00007ffc94130000 - 0x00007ffc941be000 	C:\Users\daw1.COMPU-S033\.jdks\openjdk-24.0.1\bin\msvcp140.dll
0x00007ffc527e0000 - 0x00007ffc53582000 	C:\Users\daw1.COMPU-S033\.jdks\openjdk-24.0.1\bin\server\jvm.dll
0x00007ffcb8190000 - 0x00007ffcb823f000 	C:\Windows\System32\ADVAPI32.dll
0x00007ffcb8d60000 - 0x00007ffcb8dff000 	C:\Windows\System32\sechost.dll
0x00007ffcb7690000 - 0x00007ffcb77b3000 	C:\Windows\System32\RPCRT4.dll
0x00007ffcb7500000 - 0x00007ffcb7527000 	C:\Windows\System32\bcrypt.dll
0x00007ffcb8470000 - 0x00007ffcb84db000 	C:\Windows\System32\WS2_32.dll
0x00007ffcb0450000 - 0x00007ffcb045a000 	C:\Windows\SYSTEM32\VERSION.dll
0x00007ffca9d30000 - 0x00007ffca9d57000 	C:\Windows\SYSTEM32\WINMM.dll
0x00007ffcb61f0000 - 0x00007ffcb623b000 	C:\Windows\SYSTEM32\POWRPROF.dll
0x00007ffcb60b0000 - 0x00007ffcb60c2000 	C:\Windows\SYSTEM32\UMPDC.dll
0x00007ffcb54f0000 - 0x00007ffcb5502000 	C:\Windows\SYSTEM32\kernel.appcore.dll
0x00007ffca28e0000 - 0x00007ffca28ea000 	C:\Users\daw1.COMPU-S033\.jdks\openjdk-24.0.1\bin\jimage.dll
0x00007ffcb4a20000 - 0x00007ffcb4c21000 	C:\Windows\SYSTEM32\DBGHELP.DLL
0x00007ffcadc60000 - 0x00007ffcadc94000 	C:\Windows\SYSTEM32\dbgcore.DLL
0x00007ffcb7530000 - 0x00007ffcb75b2000 	C:\Windows\System32\bcryptPrimitives.dll
0x00007ffca2660000 - 0x00007ffca266f000 	C:\Users\daw1.COMPU-S033\.jdks\openjdk-24.0.1\bin\instrument.dll
0x00007ffca28c0000 - 0x00007ffca28de000 	C:\Users\daw1.COMPU-S033\.jdks\openjdk-24.0.1\bin\java.dll
0x00007ffcb8e00000 - 0x00007ffcb8f2b000 	C:\Windows\System32\ole32.dll
0x00007ffcb7c80000 - 0x00007ffcb7fd3000 	C:\Windows\System32\combase.dll
0x00007ffcb84e0000 - 0x00007ffcb8c4e000 	C:\Windows\System32\SHELL32.dll
0x00007ffc90a70000 - 0x00007ffc90c7e000 	C:\Users\daw1.COMPU-S033\AppData\Local\Temp\idea_libasyncProfiler_dll_temp_folder9\libasyncProfiler.dll
0x00007ffcb4c30000 - 0x00007ffcb53d3000 	C:\Windows\SYSTEM32\windows.storage.dll
0x00007ffcb66e0000 - 0x00007ffcb670b000 	C:\Windows\SYSTEM32\Wldp.dll
0x00007ffcb7ff0000 - 0x00007ffcb80bd000 	C:\Windows\System32\OLEAUT32.dll
0x00007ffcb79f0000 - 0x00007ffcb7a9d000 	C:\Windows\System32\SHCORE.dll
0x00007ffcb8cf0000 - 0x00007ffcb8d45000 	C:\Windows\System32\shlwapi.dll
0x00007ffcb6be0000 - 0x00007ffcb6c05000 	C:\Windows\SYSTEM32\profapi.dll
0x00007ffc910e0000 - 0x00007ffc911b7000 	C:\Users\daw1.COMPU-S033\.jdks\openjdk-24.0.1\bin\jsvml.dll
0x00007ffca2670000 - 0x00007ffca2680000 	C:\Users\daw1.COMPU-S033\.jdks\openjdk-24.0.1\bin\net.dll
0x00007ffcb6440000 - 0x00007ffcb64ac000 	C:\Windows\system32\mswsock.dll
0x00007ffc9f320000 - 0x00007ffc9f336000 	C:\Users\daw1.COMPU-S033\.jdks\openjdk-24.0.1\bin\nio.dll
0x00007ffc9f300000 - 0x00007ffc9f317000 	C:\Users\daw1.COMPU-S033\.jdks\openjdk-24.0.1\bin\zip.dll
0x00007ffc9eba0000 - 0x00007ffc9ebba000 	C:\Program Files\JetBrains\IntelliJ IDEA 2024.3.3\bin\breakgen64.dll

JVMTI agents:
C:\Program Files\JetBrains\IntelliJ IDEA 2024.3.3\lib\idea_rt.jar path:C:\Users\daw1.COMPU-S033\.jdks\openjdk-24.0.1\bin\instrument.dll, loaded, initialized, instrumentlib options:57494:C:\Program Files\JetBrains\IntelliJ IDEA 2024.3.3\bin
C:\Users\daw1.COMPU-S033\AppData\Local\Temp\idea_libasyncProfiler_dll_temp_folder9\libasyncProfiler.dll path:C:\Users\daw1.COMPU-S033\AppData\Local\Temp\idea_libasyncProfiler_dll_temp_folder9\libasyncProfiler.dll, loaded, initialized, options:start,jfr,event=wall,interval=10ms,jfrsync=profile,cstack=no,file=C:\Users\daw1.COMPU-S033\IdeaSnapshots\HelloApplication_2025_05_28_122805.jfr,dbghelppath=C:\Users\daw1.COMPU-S033\AppData\Local\Temp\idea_dbghelp_dll_temp_folder\dbghelp.dll,log=C:\Users\daw1.COMPU-S033\AppData\Local\Temp\HelloApplication_2025_05_28_122805.jfr.log.txt,logLevel=DEBUG

dbghelp: loaded successfully - version: 4.0.5 - missing functions: none
symbol engine: initialized successfully - sym options: 0x614 - pdb path: .;C:\Users\daw1.COMPU-S033\.jdks\openjdk-24.0.1\bin;C:\Windows\SYSTEM32;C:\Windows\WinSxS\amd64_microsoft.windows.common-controls_6595b64144ccf1df_6.0.19041.5794_none_60bcd33171f2783c;C:\Users\daw1.COMPU-S033\.jdks\openjdk-24.0.1\bin\server;C:\Users\daw1.COMPU-S033\AppData\Local\Temp\idea_libasyncProfiler_dll_temp_folder9;C:\Program Files\JetBrains\IntelliJ IDEA 2024.3.3\bin

VM Arguments:
jvm_args: --enable-preview --enable-preview -javaagent:C:\Program Files\JetBrains\IntelliJ IDEA 2024.3.3\lib\idea_rt.jar=57494:C:\Program Files\JetBrains\IntelliJ IDEA 2024.3.3\bin -agentpath:C:\Users\daw1.COMPU-S033\AppData\Local\Temp\idea_libasyncProfiler_dll_temp_folder9\libasyncProfiler.dll=start,jfr,event=wall,interval=10ms,jfrsync=profile,cstack=no,file=C:\Users\daw1.COMPU-S033\IdeaSnapshots\HelloApplication_2025_05_28_122805.jfr,dbghelppath=C:\Users\daw1.COMPU-S033\AppData\Local\Temp\idea_dbghelp_dll_temp_folder\dbghelp.dll,log=C:\Users\daw1.COMPU-S033\AppData\Local\Temp\HelloApplication_2025_05_28_122805.jfr.log.txt,logLevel=DEBUG -Dfile.encoding=UTF-8 -Dsun.stdout.encoding=UTF-8 -Dsun.stderr.encoding=UTF-8 --module-path=C:\Users\daw1.COMPU-S033\.m2\repository\org\openjfx\javafx-controls\17.0.6\javafx-controls-17.0.6-win.jar;C:\Users\daw1.COMPU-S033\.m2\repository\org\openjfx\javafx-graphics\17.0.6\javafx-graphics-17.0.6-win.jar;C:\Users\daw1.COMPU-S033\.m2\repository\org\openjfx\javafx-base\17.0.6\javafx-base-17.0.6-win.jar;C:\Users\daw1.COMPU-S033\.m2\repository\org\openjfx\javafx-fxml\17.0.6\javafx-fxml-17.0.6-win.jar;C:\Users\daw1.COMPU-S033\Desktop\Examen_DAW1_3Evaluaciion_PedroArza\Vet-Daw-Exam_PedroArza\target\classes -Djdk.module.main=com.decroly.Examen_Daw1 
java_command: com.decroly.Examen_Daw1/com.decroly.Examen_Daw1.HelloApplication C:/Users/daw1.COMPU-S033/.m2/repository$MODULE_DIR$
java_class_path (initial): C:\Users\daw1.COMPU-S033\.m2\repository\org\openjfx\javafx-controls\17.0.6\javafx-controls-17.0.6.jar;C:\Users\daw1.COMPU-S033\.m2\repository\org\openjfx\javafx-graphics\17.0.6\javafx-graphics-17.0.6.jar;C:\Users\daw1.COMPU-S033\.m2\repository\org\openjfx\javafx-base\17.0.6\javafx-base-17.0.6.jar;C:\Users\daw1.COMPU-S033\.m2\repository\org\openjfx\javafx-fxml\17.0.6\javafx-fxml-17.0.6.jar;C:\Users\daw1.COMPU-S033\.m2\repository\org\junit\jupiter\junit-jupiter-api\5.10.2\junit-jupiter-api-5.10.2.jar;C:\Users\daw1.COMPU-S033\.m2\repository\org\opentest4j\opentest4j\1.3.0\opentest4j-1.3.0.jar;C:\Users\daw1.COMPU-S033\.m2\repository\org\junit\platform\junit-platform-commons\1.10.2\junit-platform-commons-1.10.2.jar;C:\Users\daw1.COMPU-S033\.m2\repository\org\apiguardian\apiguardian-api\1.1.2\apiguardian-api-1.1.2.jar;C:\Users\daw1.COMPU-S033\.m2\repository\org\junit\jupiter\junit-jupiter-engine\5.10.2\junit-jupiter-engine-5.10.2.jar;C:\Users\daw1.COMPU-S033\.m2\repository\org\junit\platform\junit-platform-engine\1.10.2\junit-platform-engine-1.10.2.jar
Launcher Type: SUN_STANDARD

[Global flags]
     intx CICompilerCount                          = 4                                         {product} {ergonomic}
     uint ConcGCThreads                            = 3                                         {product} {ergonomic}
     bool FlightRecorder                           = true                                      {product} {management}
     uint G1ConcRefinementThreads                  = 10                                        {product} {ergonomic}
   size_t G1HeapRegionSize                         = 2097152                                   {product} {ergonomic}
   size_t InitialHeapSize                          = 264241152                                 {product} {ergonomic}
   size_t MarkStackSize                            = 4194304                                   {product} {ergonomic}
   size_t MarkStackSizeMax                         = 536870912                                 {product} {ergonomic}
   size_t MaxHeapSize                              = 4227858432                                {product} {ergonomic}
   size_t MaxNewSize                               = 2535456768                                {product} {ergonomic}
   size_t MinHeapDeltaBytes                        = 2097152                                   {product} {ergonomic}
   size_t MinHeapSize                              = 8388608                                   {product} {ergonomic}
    uintx NonNMethodCodeHeapSize                   = 5832704                                {pd product} {ergonomic}
    uintx NonProfiledCodeHeapSize                  = 122945536                              {pd product} {ergonomic}
    uintx ProfiledCodeHeapSize                     = 122880000                              {pd product} {ergonomic}
    uintx ReservedCodeCacheSize                    = 251658240                              {pd product} {ergonomic}
     bool SegmentedCodeCache                       = true                                      {product} {ergonomic}
   size_t SoftMaxHeapSize                          = 4227858432                             {manageable} {ergonomic}
     bool UseCompressedOops                        = true                           {product lp64_product} {ergonomic}
     bool UseG1GC                                  = true                                      {product} {ergonomic}
     bool UseLargePagesIndividualAllocation        = false                                  {pd product} {ergonomic}

Logging:
Log output configuration:
 #0: stdout all=warning uptime,level,tags foldmultilines=false
 #1: stderr all=off uptime,level,tags foldmultilines=false

Environment Variables:
PATH=C:\Program Files\Common Files\Oracle\Java\javapath;C:\Windows\system32;C:\Windows;C:\Windows\System32\Wbem;C:\Windows\System32\WindowsPowerShell\v1.0\;C:\Windows\System32\OpenSSH\;C:\Program Files\Microsoft VS Code\bin;C:\Program Files\Git\cmd;C:\Program Files\nodejs\;C:\Users\daw1.COMPU-S033\AppData\Local\Microsoft\WindowsApps;
USERNAME=daw1
OS=Windows_NT
PROCESSOR_IDENTIFIER=Intel64 Family 6 Model 167 Stepping 1, GenuineIntel
TMP=C:\Users\DAW1~1.COM\AppData\Local\Temp
TEMP=C:\Users\DAW1~1.COM\AppData\Local\Temp




Periodic native trim disabled

---------------  S Y S T E M  ---------------

OS:
 Windows 10 , 64 bit Build 19041 (10.0.19041.5794)
OS uptime: 9 days 2:36 hours

CPU: total 12 (initial active 12) (6 cores per cpu, 2 threads per core) family 6 model 167 stepping 1 microcode 0x2c, cx8, cmov, fxsr, ht, mmx, 3dnowpref, sse, sse2, sse3, ssse3, sse4.1, sse4.2, popcnt, lzcnt, tsc, tscinvbit, avx, avx2, aes, erms, clmul, bmi1, bmi2, adx, avx512f, avx512dq, avx512cd, avx512bw, avx512vl, sha, fma, vzeroupper, avx512_vpopcntdq, avx512_vpclmulqdq, avx512_vaes, avx512_vnni, clflush, clflushopt, avx512_vbmi2, avx512_vbmi, rdtscp, rdpid, fsrm, gfni, avx512_bitalg, f16c, pku, avx512_ifma
Processor Information for the first 12 processors :
  Max Mhz: 2592, Current Mhz: 2592, Mhz Limit: 2592

Memory: 4k page, system-wide physical 16121M (8434M free)
TotalPageFile size 18553M (AvailPageFile size 8869M)
current process WorkingSet (physical memory assigned to process): 96M, peak: 96M
current process commit charge ("private bytes"): 402M, peak: 417M

vm_info: OpenJDK 64-Bit Server VM (24.0.1+9-30) for windows-amd64 JRE (24.0.1+9-30), built on 2025-03-05T07:23:45Z with MS VC++ 17.6 (VS2022)

END.
